<?xml version="1.0" encoding="UTF-8"?>
<testsuite xmlns:xsi="http://www.w3.org/2001/XMLSchema-instance" xsi:noNamespaceSchemaLocation="https://maven.apache.org/surefire/maven-surefire-plugin/xsd/surefire-test-report.xsd" name="com.example.StringCalculatorTest" time="0.141" tests="7" errors="0" skipped="0" failures="0">
  <properties>
[...]
</properties>
  <testcase name="testCustomDelimiter" classname="com.example.StringCalculatorTest" time="0.009"/>
  <testcase name="testSingleNumber" classname="com.example.StringCalculatorTest" time="0"/>
  <testcase name="testNewLineDelimiter" classname="com.example.StringCalculatorTest" time="0"/>
  <testcase name="testMultipleNumbers" classname="com.example.StringCalculatorTest" time="0"/>
  <testcase name="testMultipleNegativeNumbers" classname="com.example.StringCalculatorTest" time="0"/>
  <testcase name="testEmptyString" classname="com.example.StringCalculatorTest" time="0"/>
  <testcase name="testNegativeNumber" classname="com.example.StringCalculatorTest" time="0"/>
</testsuite>